<?xml version="1.0" encoding="UTF-8"?>
<!-- Generated by org.testng.reporters.JUnitReportReporter -->
<testsuite hostname="jogwksxxxx" failures="0" tests="1" name="qaautomation.march2022.AppTestAfterPageFactory" time="9.299" errors="0" timestamp="2022-05-12T04:55:26 ICT" skipped="0">
  <testcase classname="qaautomation.march2022.AppTestAfterPageFactory" name="loginSuccess" time="9.299"/>
  <system-out/>
</testsuite> <!-- qaautomation.march2022.AppTestAfterPageFactory -->
