<?xml version="1.0" encoding="UTF-8"?>
<!-- Generated by org.testng.reporters.JUnitReportReporter -->
<testsuite hostname="jogwksxxxx" failures="0" tests="1" name="qaautomation.march2022.task.AppTestAfterPOM" time="6.282" errors="0" timestamp="2022-05-12T06:59:12 ICT" skipped="0">
  <testcase classname="qaautomation.march2022.task.AppTestAfterPOM" name="getFirstMsg" time="6.282"/>
  <system-out/>
</testsuite> <!-- qaautomation.march2022.task.AppTestAfterPOM -->
