<?xml version="1.0" encoding="UTF-8"?>
<!-- Generated by org.testng.reporters.JUnitReportReporter -->
<testsuite skipped="0" hostname="JO2WKS0434" name="qaautomation.march2022.DasboardAPITestCases" tests="1" failures="0" timestamp="2022-04-27T00:54:01 ICT" time="6.362" errors="0">
  <testcase name="fakerTest" time="6.362" classname="qaautomation.march2022.DasboardAPITestCases"/>
  <system-out/>
</testsuite> <!-- qaautomation.march2022.DasboardAPITestCases -->
