<?xml version="1.0" encoding="UTF-8"?>
<!-- Generated by org.testng.reporters.JUnitReportReporter -->
<testsuite skipped="0" hostname="JO2WKS0434" name="qaautomation.march2022.AppTestAfterPageFactory" tests="4" failures="0" timestamp="2022-04-23T16:14:35 ICT" time="27.661" errors="0">
  <testcase name="loginPwdFailed" time="6.297" classname="qaautomation.march2022.AppTestAfterPageFactory"/>
  <system-out/>
  <testcase name="loginSuccess" time="6.362" classname="qaautomation.march2022.AppTestAfterPageFactory"/>
  <system-out/>
  <testcase name="loginUserFailed" time="8.682" classname="qaautomation.march2022.AppTestAfterPageFactory"/>
  <system-out/>
  <testcase name="noClickLogin" time="6.320" classname="qaautomation.march2022.AppTestAfterPageFactory"/>
  <system-out/>
</testsuite> <!-- qaautomation.march2022.AppTestAfterPageFactory -->
