<?xml version="1.0" encoding="UTF-8"?>
<!-- Generated by org.testng.reporters.JUnitReportReporter -->
<testsuite hostname="jogwksxxxx" failures="0" tests="1" name="qaautomation.march2022.APITestRefactor" time="4.354" errors="0" timestamp="2022-05-12T07:35:57 ICT" skipped="0">
  <testcase classname="qaautomation.march2022.APITestRefactor" name="testDashboardAPI" time="4.354"/>
  <system-out/>
</testsuite> <!-- qaautomation.march2022.APITestRefactor -->
