<?xml version="1.0" encoding="UTF-8"?>
<!-- Generated by org.testng.reporters.JUnitReportReporter -->
<testsuite skipped="0" hostname="JO2WKS0434" name="qaautomation.march2022.CommonPageTest" tests="1" failures="0" timestamp="2022-04-23T16:56:33 ICT" time="23.694" errors="0">
  <testcase name="testScroll" time="23.694" classname="qaautomation.march2022.CommonPageTest"/>
  <system-out/>
</testsuite> <!-- qaautomation.march2022.CommonPageTest -->
