<?xml version="1.0" encoding="UTF-8"?>
<!-- Generated by org.testng.reporters.JUnitReportReporter -->
<testsuite hostname="jogwksxxxx" failures="0" tests="2" name="qaautomation.march2022.task.AppTestYop" time="21.162" errors="0" timestamp="2022-05-12T10:52:38 ICT" skipped="0">
  <testcase classname="qaautomation.march2022.task.AppTestYop" name="searchSuccess" time="9.773"/>
  <system-out/>
  <testcase classname="qaautomation.march2022.task.AppTestYop" name="getFirstMsg" time="11.389"/>
  <system-out/>
</testsuite> <!-- qaautomation.march2022.task.AppTestYop -->
