<?xml version="1.0" encoding="UTF-8"?>
<!-- Generated by org.testng.reporters.JUnitReportReporter -->
<testsuite skipped="0" hostname="JO2WKS0434" name="qaautomation.march2022.APITest" tests="1" failures="0" timestamp="2022-04-26T10:51:28 ICT" time="8.555" errors="0">
  <testcase name="testLoginAPI" time="8.555" classname="qaautomation.march2022.APITest"/>
  <system-out/>
</testsuite> <!-- qaautomation.march2022.APITest -->
