<?xml version="1.0" encoding="UTF-8"?>
<!-- Generated by org.testng.reporters.JUnitReportReporter -->
<testsuite skipped="0" hostname="JO2WKS0434" name="qaautomation.march2022.AppTest" tests="1" failures="0" timestamp="2022-04-23T16:14:35 ICT" time="14.415" errors="0">
  <testcase name="test" time="14.415" classname="qaautomation.march2022.AppTest"/>
  <system-out/>
</testsuite> <!-- qaautomation.march2022.AppTest -->
