<?xml version="1.0" encoding="UTF-8"?>
<!-- Generated by org.testng.reporters.JUnitReportReporter -->
<testsuite hostname="jogwksxxxx" failures="0" tests="1" name="qaautomation.march2022.task.APIRegKolak" time="2.895" errors="0" timestamp="2022-05-12T10:52:38 ICT" skipped="0">
  <testcase classname="qaautomation.march2022.task.APIRegKolak" name="testLoginAPI" time="2.895"/>
  <system-out/>
</testsuite> <!-- qaautomation.march2022.task.APIRegKolak -->
