<?xml version="1.0" encoding="UTF-8"?>
<!-- Generated by org.testng.reporters.JUnitReportReporter -->
<testsuite hostname="jogwksxxxx" failures="0" tests="1" name="qaautomation.march2022.AppTestAfterPOM" time="11.257" errors="0" timestamp="2022-05-06T19:22:37 WIB" skipped="0">
  <testcase classname="qaautomation.march2022.AppTestAfterPOM" name="loginSuccess" time="11.257"/>
  <system-out/>
</testsuite> <!-- qaautomation.march2022.AppTestAfterPOM -->
