<?xml version="1.0" encoding="UTF-8"?>
<!-- Generated by org.testng.reporters.JUnitReportReporter -->
<testsuite hostname="jogwksxxxx" failures="0" tests="1" name="qaautomation.march2022.task.APITest" time="2.912" errors="0" timestamp="2022-05-12T10:35:43 ICT" skipped="0">
  <testcase classname="qaautomation.march2022.task.APITest" name="testLoginAPI" time="2.912"/>
  <system-out/>
</testsuite> <!-- qaautomation.march2022.task.APITest -->
