<?xml version="1.0" encoding="UTF-8"?>
<!-- Generated by org.testng.reporters.JUnitReportReporter -->
<testsuite hostname="jogwksxxxx" failures="0" tests="1" name="qaautomation.march2022.APITest" time="2.319" errors="0" timestamp="2022-05-12T07:51:10 ICT" skipped="0">
  <testcase classname="qaautomation.march2022.APITest" name="testLoginAPI" time="2.319"/>
  <system-out/>
</testsuite> <!-- qaautomation.march2022.APITest -->
