<?xml version="1.0" encoding="UTF-8"?>
<!-- Generated by org.testng.reporters.JUnitReportReporter -->
<testsuite hostname="jogwksxxxx" failures="0" tests="1" name="qaautomation.march2022.DasboardAPITestCases" time="3.596" errors="0" timestamp="2022-05-12T07:48:23 ICT" skipped="0">
  <testcase classname="qaautomation.march2022.DasboardAPITestCases" name="fakerTest" time="3.596"/>
  <system-out/>
</testsuite> <!-- qaautomation.march2022.DasboardAPITestCases -->
