<?xml version="1.0" encoding="UTF-8"?>
<!-- Generated by org.testng.reporters.JUnitReportReporter -->
<testsuite skipped="0" hostname="JO2WKS0434" name="qaautomation.march2022.AppTestAfterRefactor" tests="3" failures="0" timestamp="2022-04-23T16:14:35 ICT" time="30.212" errors="0">
  <testcase name="test" time="8.685" classname="qaautomation.march2022.AppTestAfterRefactor"/>
  <system-out/>
  <testcase name="test3" time="9.473" classname="qaautomation.march2022.AppTestAfterRefactor"/>
  <system-out/>
  <testcase name="test2" time="12.054" classname="qaautomation.march2022.AppTestAfterRefactor"/>
  <system-out/>
</testsuite> <!-- qaautomation.march2022.AppTestAfterRefactor -->
