<?xml version="1.0" encoding="UTF-8"?>
<!-- Generated by org.testng.reporters.JUnitReportReporter -->
<testsuite skipped="0" hostname="JO2WKS0434" name="qaautomation.march2022.GraphQLTest" tests="1" failures="0" timestamp="2022-04-26T23:30:17 ICT" time="5.209" errors="0">
  <testcase name="checkLaunches" time="5.209" classname="qaautomation.march2022.GraphQLTest"/>
  <system-out/>
</testsuite> <!-- qaautomation.march2022.GraphQLTest -->
