<?xml version="1.0" encoding="UTF-8"?>
<!-- Generated by org.testng.reporters.JUnitReportReporter -->
<testsuite hostname="jogwksxxxx" failures="0" tests="3" name="qaautomation.march2022.APITestRefactor" time="8.979" errors="0" timestamp="2022-05-14T09:53:36 ICT" skipped="0">
  <testcase classname="qaautomation.march2022.APITestRefactor" name="testDashboardWithoutToken" time="2.005"/>
  <system-out/>
  <testcase classname="qaautomation.march2022.APITestRefactor" name="testDashboardWithoutParam" time="4.176"/>
  <system-out/>
  <testcase classname="qaautomation.march2022.APITestRefactor" name="testDashboardAPI" time="2.798"/>
  <system-out/>
</testsuite> <!-- qaautomation.march2022.APITestRefactor -->
