<?xml version="1.0" encoding="UTF-8"?>
<!-- Generated by org.testng.reporters.JUnitReportReporter -->
<testsuite hostname="jogwksxxxx" failures="0" tests="1" name="qaautomation.march2022.APITestRefactor" time="4.358" errors="0" timestamp="2022-05-06T19:51:04 WIB" skipped="0">
  <testcase classname="qaautomation.march2022.APITestRefactor" name="testDashboardAPI" time="4.358"/>
  <system-out/>
</testsuite> <!-- qaautomation.march2022.APITestRefactor -->
